<?xml version="1.0" encoding="UTF-8"?>
<!-- Generated by org.testng.reporters.JUnitXMLReporter -->
<testsuite ignored="0" hostname="user" failures="3" tests="8" name="FirefoxTest" time="83.475" errors="0" timestamp="2025-09-16T14:08:09 IST">
  <testcase classname="testscript.LoginTest" name="verifyloginwithValidCredentials" time="0.004">
    <skipped/>
  </testcase> <!-- verifyloginwithValidCredentials -->
  <testcase classname="testscript.LoginTest" name="verifyloginwithValidCredentials" time="0.004">
    <skipped/>
  </testcase> <!-- verifyloginwithValidCredentials -->
  <testcase classname="testscript.LoginTest" name="verifyloginwithValidCredentials" time="0.003">
    <failure type="java.io.FileNotFoundException" message="Constants.TESTDATAFILE (The system cannot find the file specified)">
      <![CDATA[java.io.FileNotFoundException: Constants.TESTDATAFILE (The system cannot find the file specified)
at java.base/java.io.FileInputStream.open0(Native Method)
at java.base/java.io.FileInputStream.open(FileInputStream.java:213)
at java.base/java.io.FileInputStream.<init>(FileInputStream.java:152)
at java.base/java.io.FileInputStream.<init>(FileInputStream.java:106)
at utilities.ExcelUtility.getStringData(ExcelUtility.java:24)
at testscript.LoginTest.verifyloginwithValidCredentials(LoginTest.java:22)
at java.base/java.util.ArrayList.forEach(ArrayList.java:1596)
at java.base/java.util.concurrent.FutureTask.run(FutureTask.java:317)
at java.base/java.util.concurrent.ThreadPoolExecutor.runWorker(ThreadPoolExecutor.java:1144)
at java.base/java.util.concurrent.ThreadPoolExecutor$Worker.run(ThreadPoolExecutor.java:642)
at java.base/java.lang.Thread.run(Thread.java:1583)
... Removed 15 stack frames]]>
    </failure>
  </testcase> <!-- verifyloginwithValidCredentials -->
  <testcase classname="testscript.LoginTest" name="validusernameinvalidpassword" time="0.005">
    <failure type="java.io.FileNotFoundException" message="Constants.TESTDATAFILE (The system cannot find the file specified)">
      <![CDATA[java.io.FileNotFoundException: Constants.TESTDATAFILE (The system cannot find the file specified)
at java.base/java.io.FileInputStream.open0(Native Method)
at java.base/java.io.FileInputStream.open(FileInputStream.java:213)
at java.base/java.io.FileInputStream.<init>(FileInputStream.java:152)
at java.base/java.io.FileInputStream.<init>(FileInputStream.java:106)
at utilities.ExcelUtility.getStringData(ExcelUtility.java:24)
at testscript.LoginTest.validusernameinvalidpassword(LoginTest.java:40)
at java.base/java.util.ArrayList.forEach(ArrayList.java:1596)
at java.base/java.util.concurrent.FutureTask.run(FutureTask.java:317)
at java.base/java.util.concurrent.ThreadPoolExecutor.runWorker(ThreadPoolExecutor.java:1144)
at java.base/java.util.concurrent.ThreadPoolExecutor$Worker.run(ThreadPoolExecutor.java:642)
at java.base/java.lang.Thread.run(Thread.java:1583)
... Removed 15 stack frames]]>
    </failure>
  </testcase> <!-- validusernameinvalidpassword -->
  <testcase classname="testscript.LoginTest" name="inalidusernameValidpassword1" time="0.002">
    <failure type="java.io.FileNotFoundException" message="Constants.TESTDATAFILE (The system cannot find the file specified)">
      <![CDATA[java.io.FileNotFoundException: Constants.TESTDATAFILE (The system cannot find the file specified)
at java.base/java.io.FileInputStream.open0(Native Method)
at java.base/java.io.FileInputStream.open(FileInputStream.java:213)
at java.base/java.io.FileInputStream.<init>(FileInputStream.java:152)
at java.base/java.io.FileInputStream.<init>(FileInputStream.java:106)
at utilities.ExcelUtility.getStringData(ExcelUtility.java:24)
at testscript.LoginTest.inalidusernameValidpassword1(LoginTest.java:52)
at java.base/java.util.ArrayList.forEach(ArrayList.java:1596)
at java.base/java.util.concurrent.FutureTask.run(FutureTask.java:317)
at java.base/java.util.concurrent.ThreadPoolExecutor.runWorker(ThreadPoolExecutor.java:1144)
at java.base/java.util.concurrent.ThreadPoolExecutor$Worker.run(ThreadPoolExecutor.java:642)
at java.base/java.lang.Thread.run(Thread.java:1583)
... Removed 15 stack frames]]>
    </failure>
  </testcase> <!-- inalidusernameValidpassword1 -->
  <testcase classname="testscript.LoginTest" name="invalidusernameInvalidpassword2" time="0.592"/>
  <testcase classname="testscript.LoginTest" name="invalidusernameInvalidpassword2" time="0.643"/>
  <testcase classname="testscript.LoginTest" name="invalidusernameInvalidpassword2" time="0.568"/>
</testsuite> <!-- FirefoxTest -->
